# JRE version: Java(TM) SE Runtime Environment (7.0_45-b18) (build 1.7.0_45-b18)
# Java VM: Java HotSpot(TM) 64-Bit Server VM (24.45-b08 mixed mode windows-amd64 compressed oops)
Heap
 PSYoungGen      total 19456K, used 4206K [0x00000000ead00000, 0x00000000ec280000, 0x0000000100000000)
  eden space 16896K, 9% used [0x00000000ead00000,0x00000000eae9ea30,0x00000000ebd80000)
  from space 2560K, 99% used [0x00000000ec000000,0x00000000ec27cea0,0x00000000ec280000)
  to   space 2560K, 0% used [0x00000000ebd80000,0x00000000ebd80000,0x00000000ec000000)
 ParOldGen       total 43008K, used 9666K [0x00000000c0800000, 0x00000000c3200000, 0x00000000ead00000)
  object space 43008K, 22% used [0x00000000c0800000,0x00000000c1170bd8,0x00000000c3200000)
 PSPermGen       total 21504K, used 16968K [0x00000000bb600000, 0x00000000bcb00000, 0x00000000c0800000)
  object space 21504K, 78% used [0x00000000bb600000,0x00000000bc692338,0x00000000bcb00000)
GC Heap History (8 events):
Event: 3.113 GC heap before
{Heap before GC invocations=1 (full 0):
 PSYoungGen      total 19456K, used 16896K [0x00000000ead00000, 0x00000000ec280000, 0x0000000100000000)
  eden space 16896K, 100% used [0x00000000ead00000,0x00000000ebd80000,0x00000000ebd80000)
  from space 2560K, 0% used [0x00000000ec000000,0x00000000ec000000,0x00000000ec280000)
  to   space 2560K, 0% used [0x00000000ebd80000,0x00000000ebd80000,0x00000000ec000000)
 ParOldGen       total 43008K, used 0K [0x00000000c0800000, 0x00000000c3200000, 0x00000000ead00000)
  object space 43008K, 0% used [0x00000000c0800000,0x00000000c0800000,0x00000000c3200000)
 PSPermGen       total 21504K, used 9059K [0x00000000bb600000, 0x00000000bcb00000, 0x00000000c0800000)
  object space 21504K, 42% used [0x00000000bb600000,0x00000000bbed8d88,0x00000000bcb00000)
Event: 3.122 GC heap after
Heap after GC invocations=1 (full 0):
 PSYoungGen      total 19456K, used 2540K [0x00000000ead00000, 0x00000000ec280000, 0x0000000100000000)
  eden space 16896K, 0% used [0x00000000ead00000,0x00000000ead00000,0x00000000ebd80000)
  from space 2560K, 99% used [0x00000000ebd80000,0x00000000ebffb030,0x00000000ec000000)
  to   space 2560K, 0% used [0x00000000ec000000,0x00000000ec000000,0x00000000ec280000)
 ParOldGen       total 43008K, used 242K [0x00000000c0800000, 0x00000000c3200000, 0x00000000ead00000)
  object space 43008K, 0% used [0x00000000c0800000,0x00000000c083cb20,0x00000000c3200000)
 PSPermGen       total 21504K, used 9059K [0x00000000bb600000, 0x00000000bcb00000, 0x00000000c0800000)
  object space 21504K, 42% used [0x00000000bb600000,0x00000000bbed8d88,0x00000000bcb00000)
}
Event: 6.753 GC heap before
{Heap before GC invocations=2 (full 0):
 PSYoungGen      total 19456K, used 19436K [0x00000000ead00000, 0x00000000ec280000, 0x0000000100000000)
  eden space 16896K, 100% used [0x00000000ead00000,0x00000000ebd80000,0x00000000ebd80000)
  from space 2560K, 99% used [0x00000000ebd80000,0x00000000ebffb030,0x00000000ec000000)
  to   space 2560K, 0% used [0x00000000ec000000,0x00000000ec000000,0x00000000ec280000)
 ParOldGen       total 43008K, used 242K [0x00000000c0800000, 0x00000000c3200000, 0x00000000ead00000)
  object space 43008K, 0% used [0x00000000c0800000,0x00000000c083cb20,0x00000000c3200000)
 PSPermGen       total 21504K, used 14392K [0x00000000bb600000, 0x00000000bcb00000, 0x00000000c0800000)
  object space 21504K, 66% used [0x00000000bb600000,0x00000000bc40e0f8,0x00000000bcb00000)
Event: 6.768 GC heap after
Heap after GC invocations=2 (full 0):
 PSYoungGen      total 19456K, used 2541K [0x00000000ead00000, 0x00000000ec280000, 0x0000000100000000)
  eden space 16896K, 0% used [0x00000000ead00000,0x00000000ead00000,0x00000000ebd80000)
  from space 2560K, 99% used [0x00000000ec000000,0x00000000ec27b598,0x00000000ec280000)
  to   space 2560K, 0% used [0x00000000ebd80000,0x00000000ebd80000,0x00000000ec000000)
 ParOldGen       total 43008K, used 2306K [0x00000000c0800000, 0x00000000c3200000, 0x00000000ead00000)
  object space 43008K, 5% used [0x00000000c0800000,0x00000000c0a40888,0x00000000c3200000)
 PSPermGen       total 21504K, used 14392K [0x00000000bb600000, 0x00000000bcb00000, 0x00000000c0800000)
  object space 21504K, 66% used [0x00000000bb600000,0x00000000bc40e0f8,0x00000000bcb00000)
}
Event: 8.091 GC heap before
{Heap before GC invocations=3 (full 0):
 PSYoungGen      total 19456K, used 19437K [0x00000000ead00000, 0x00000000ec280000, 0x0000000100000000)
  eden space 16896K, 100% used [0x00000000ead00000,0x00000000ebd80000,0x00000000ebd80000)
  from space 2560K, 99% used [0x00000000ec000000,0x00000000ec27b598,0x00000000ec280000)
  to   space 2560K, 0% used [0x00000000ebd80000,0x00000000ebd80000,0x00000000ec000000)
 ParOldGen       total 43008K, used 2306K [0x00000000c0800000, 0x00000000c3200000, 0x00000000ead00000)
  object space 43008K, 5% used [0x00000000c0800000,0x00000000c0a40888,0x00000000c3200000)
 PSPermGen       total 21504K, used 16175K [0x00000000bb600000, 0x00000000bcb00000, 0x00000000c0800000)
  object space 21504K, 75% used [0x00000000bb600000,0x00000000bc5cbf48,0x00000000bcb00000)
Event: 8.105 GC heap after
Heap after GC invocations=3 (full 0):
 PSYoungGen      total 19456K, used 2533K [0x00000000ead00000, 0x00000000ec280000, 0x0000000100000000)
  eden space 16896K, 0% used [0x00000000ead00000,0x00000000ead00000,0x00000000ebd80000)
  from space 2560K, 98% used [0x00000000ebd80000,0x00000000ebff9550,0x00000000ec000000)
  to   space 2560K, 0% used [0x00000000ec000000,0x00000000ec000000,0x00000000ec280000)
 ParOldGen       total 43008K, used 4467K [0x00000000c0800000, 0x00000000c3200000, 0x00000000ead00000)
  object space 43008K, 10% used [0x00000000c0800000,0x00000000c0c5cd70,0x00000000c3200000)
 PSPermGen       total 21504K, used 16175K [0x00000000bb600000, 0x00000000bcb00000, 0x00000000c0800000)
  object space 21504K, 75% used [0x00000000bb600000,0x00000000bc5cbf48,0x00000000bcb00000)
}
Event: 32.922 GC heap before
{Heap before GC invocations=4 (full 0):
 PSYoungGen      total 19456K, used 19429K [0x00000000ead00000, 0x00000000ec280000, 0x0000000100000000)
  eden space 16896K, 100% used [0x00000000ead00000,0x00000000ebd80000,0x00000000ebd80000)
  from space 2560K, 98% used [0x00000000ebd80000,0x00000000ebff9550,0x00000000ec000000)
  to   space 2560K, 0% used [0x00000000ec000000,0x00000000ec000000,0x00000000ec280000)
 ParOldGen       total 43008K, used 4467K [0x00000000c0800000, 0x00000000c3200000, 0x00000000ead00000)
  object space 43008K, 10% used [0x00000000c0800000,0x00000000c0c5cd70,0x00000000c3200000)
 PSPermGen       total 21504K, used 16616K [0x00000000bb600000, 0x00000000bcb00000, 0x00000000c0800000)
  object space 21504K, 77% used [0x00000000bb600000,0x00000000bc63a148,0x00000000bcb00000)
Event: 32.944 GC heap after
Heap after GC invocations=4 (full 0):
 PSYoungGen      total 19456K, used 2547K [0x00000000ead00000, 0x00000000ec280000, 0x0000000100000000)
  eden space 16896K, 0% used [0x00000000ead00000,0x00000000ead00000,0x00000000ebd80000)
  from space 2560K, 99% used [0x00000000ec000000,0x00000000ec27cea0,0x00000000ec280000)
  to   space 2560K, 0% used [0x00000000ebd80000,0x00000000ebd80000,0x00000000ec000000)
 ParOldGen       total 43008K, used 9666K [0x00000000c0800000, 0x00000000c3200000, 0x00000000ead00000)
  object space 43008K, 22% used [0x00000000c0800000,0x00000000c1170bd8,0x00000000c3200000)
 PSPermGen       total 21504K, used 16616K [0x00000000bb600000, 0x00000000bcb00000, 0x00000000c0800000)
  object space 21504K, 77% used [0x00000000bb600000,0x00000000bc63a148,0x00000000bcb00000)
}

